Andrew Hollenbaugh --- 525fa3f1d787ef1b5b1e093bd43946f1
Andrew Hollenbaugh --- 910532278f23e1fb28f4ab3e8d711cda
Andrew Hollenbaugh --- a80edbe40cb4602e16b4abfed9c2842c
Andrew Hollenbaugh --- c184c5aa086842d82c79c8d5c22e4686
Andrew Hollenbaugh --- 5f02402b249377978b85623812ca3d6b
Andrew Hollenbaugh --- ce6070a40b560132d06c37b28ad5c951
Andrew Hollenbaugh --- 8f279d8a7ea9fe269e209469b2a75755
Andrew Hollenbaugh --- f0a17c8b099c340cd9df3f15ec54f42c
Andrew Hollenbaugh --- 4a12fa46aa68096dd12356f240af95ed
Andrew Hollenbaugh --- 97d579e50b33584f743348aac99ae873
The Cooler James McGregor --- 72c6c2b4f8b1ec75f420a47c25686ff3
The Cooler James McGregor --- 7bca46e7bcb8f30808900b8b6df90bba
The Cooler James McGregor --- 15fe2feb7686d44d85cfcc46e82d7766
The Cooler James McGregor --- a5573d7d5c2fe22ba681ab640ea1f283
The Cooler James McGregor --- 9d0d324639704b19dd8b0de35f96c11e
The Cooler James McGregor --- a091f79b53be68ac6f912e8d317844b4
The Cooler James McGregor --- 650bc83783bb124ba199fc786a977e3f
The Cooler James McGregor --- 8b55b2b8dfed39d51e8357edeee2a00c
The Cooler James McGregor --- 3335a5c60dd91899c1df009e3ed8f66c
The Cooler James McGregor --- 3c4daf2e1c447916e58b37c6abc15246
The Cooler James McGregor --- d59d954ea6f34ef5072603a61c36a56e
The Cooler James McGregor --- 2050f3dc184f5d27af714bea2318666c
The Cooler James McGregor --- fd9c861d2175c71ca3d4d86dfd72cfcc
The Cooler James McGregor --- fd9c861d2175c71ca3d4d86dfd72cfcc
The Cooler James McGregorNKE;3/8/16 10:23a;3/8/16 10:23a;Sell ;8.0;60.18 --- 14fda14fb5dedba159f0f9abc946a225
The Cooler James McGregorNKE;3/8/16 10:23a;3/8/16 10:23a;Buy ;8.0;60.1 --- 422ddd9774f1050c42162223150c1842
The Cooler James McGregorNKE;3/8/16 10:23a;3/8/16 10:23a;Buy ;8.0;60.1 --- 422ddd9774f1050c42162223150c1842
The Cooler James McGregorNKE;3/8/16 10:25a;3/8/16 10:25a;Sell ;16.0;60.01 --- 19f9c63dd267558936539300333cc757
The Cooler James McGregor --- MTW --- 3/8/16 10:34a --- 3/8/16 10:34a --- Buy  --- 1.0 --- 4.15 --- ac450c7dd7fdc0d32c3b33a08f7d2387
The Cooler James McGregor --- MTW --- 4.16 --- 1.0 --- Buy  --- 3/8/16 10:34a --- 3/8/16 10:34a --- 91ad972a373da00071e23dc5b5efa403
The Cooler James McGregor --- MTW --- 4.35 --- 10.0 --- Buy  --- 3/28/16 2:23p --- 3/28/16 2:23p --- fc3becefc269ac125b6f89e7aede14e4
The Cooler James McGregor --- MTW --- 4.34 --- 10.0 --- Buy  --- 3/28/16 2:24p --- 3/28/16 2:24p --- 1fb426cda16067afe712160d1d746a87
The Cooler James McGregor --- MTW --- 4.34 --- 20.0 --- Buy  --- 3/28/16 3:34p --- 3/28/16 3:34p --- 1097b64707aa16e2f5bc473a2574351f
